24-Jan-2018 17:21:24.721 INFORMAZIONI [main] org.apache.catalina.startup.VersionLoggerListener.log Server version:        Apache Tomcat/8.5.23
24-Jan-2018 17:21:24.736 INFORMAZIONI [main] org.apache.catalina.startup.VersionLoggerListener.log Server built:          Sep 28 2017 10:30:11 UTC
24-Jan-2018 17:21:24.736 INFORMAZIONI [main] org.apache.catalina.startup.VersionLoggerListener.log Server number:         8.5.23.0
24-Jan-2018 17:21:24.736 INFORMAZIONI [main] org.apache.catalina.startup.VersionLoggerListener.log OS Name:               Windows 10
24-Jan-2018 17:21:24.737 INFORMAZIONI [main] org.apache.catalina.startup.VersionLoggerListener.log OS Version:            10.0
24-Jan-2018 17:21:24.737 INFORMAZIONI [main] org.apache.catalina.startup.VersionLoggerListener.log Architecture:          amd64
24-Jan-2018 17:21:24.737 INFORMAZIONI [main] org.apache.catalina.startup.VersionLoggerListener.log Java Home:             C:\Program Files\Java\jre1.8.0_144
24-Jan-2018 17:21:24.737 INFORMAZIONI [main] org.apache.catalina.startup.VersionLoggerListener.log JVM Version:           1.8.0_144-b01
24-Jan-2018 17:21:24.738 INFORMAZIONI [main] org.apache.catalina.startup.VersionLoggerListener.log JVM Vendor:            Oracle Corporation
24-Jan-2018 17:21:24.739 INFORMAZIONI [main] org.apache.catalina.startup.VersionLoggerListener.log CATALINA_BASE:         C:\server_config\apache-tomcat-8.5.23-windows-x64\apache-tomcat-8.5.23
24-Jan-2018 17:21:24.739 INFORMAZIONI [main] org.apache.catalina.startup.VersionLoggerListener.log CATALINA_HOME:         C:\server_config\apache-tomcat-8.5.23-windows-x64\apache-tomcat-8.5.23
24-Jan-2018 17:21:24.740 INFORMAZIONI [main] org.apache.catalina.startup.VersionLoggerListener.log Command line argument: -Djava.util.logging.config.file=C:\server_config\apache-tomcat-8.5.23-windows-x64\apache-tomcat-8.5.23\conf\logging.properties
24-Jan-2018 17:21:24.740 INFORMAZIONI [main] org.apache.catalina.startup.VersionLoggerListener.log Command line argument: -Djava.util.logging.manager=org.apache.juli.ClassLoaderLogManager
24-Jan-2018 17:21:24.740 INFORMAZIONI [main] org.apache.catalina.startup.VersionLoggerListener.log Command line argument: -Djdk.tls.ephemeralDHKeySize=2048
24-Jan-2018 17:21:24.741 INFORMAZIONI [main] org.apache.catalina.startup.VersionLoggerListener.log Command line argument: -Djava.protocol.handler.pkgs=org.apache.catalina.webresources
24-Jan-2018 17:21:24.741 INFORMAZIONI [main] org.apache.catalina.startup.VersionLoggerListener.log Command line argument: -Dcatalina.base=C:\server_config\apache-tomcat-8.5.23-windows-x64\apache-tomcat-8.5.23
24-Jan-2018 17:21:24.741 INFORMAZIONI [main] org.apache.catalina.startup.VersionLoggerListener.log Command line argument: -Dcatalina.home=C:\server_config\apache-tomcat-8.5.23-windows-x64\apache-tomcat-8.5.23
24-Jan-2018 17:21:24.742 INFORMAZIONI [main] org.apache.catalina.startup.VersionLoggerListener.log Command line argument: -Djava.io.tmpdir=C:\server_config\apache-tomcat-8.5.23-windows-x64\apache-tomcat-8.5.23\temp
24-Jan-2018 17:21:24.742 INFORMAZIONI [main] org.apache.catalina.core.AprLifecycleListener.lifecycleEvent Loaded APR based Apache Tomcat Native library [1.2.14] using APR version [1.6.2].
24-Jan-2018 17:21:24.742 INFORMAZIONI [main] org.apache.catalina.core.AprLifecycleListener.lifecycleEvent APR capabilities: IPv6 [true], sendfile [true], accept filters [false], random [true].
24-Jan-2018 17:21:24.742 INFORMAZIONI [main] org.apache.catalina.core.AprLifecycleListener.lifecycleEvent APR/OpenSSL configuration: useAprConnector [false], useOpenSSL [true]
24-Jan-2018 17:21:25.683 INFORMAZIONI [main] org.apache.catalina.core.AprLifecycleListener.initializeSSL OpenSSL successfully initialized [OpenSSL 1.0.2l  25 May 2017]
24-Jan-2018 17:21:26.767 INFORMAZIONI [main] org.apache.coyote.AbstractProtocol.init Initializing ProtocolHandler ["http-nio-8080"]
24-Jan-2018 17:21:26.898 GRAVE [main] org.apache.coyote.AbstractProtocol.init Failed to initialize end point associated with ProtocolHandler ["http-nio-8080"]
 java.net.BindException: Address already in use: bind
	at sun.nio.ch.Net.bind0(Native Method)
	at sun.nio.ch.Net.bind(Unknown Source)
	at sun.nio.ch.Net.bind(Unknown Source)
	at sun.nio.ch.ServerSocketChannelImpl.bind(Unknown Source)
	at sun.nio.ch.ServerSocketAdaptor.bind(Unknown Source)
	at org.apache.tomcat.util.net.NioEndpoint.bind(NioEndpoint.java:210)
	at org.apache.tomcat.util.net.AbstractEndpoint.init(AbstractEndpoint.java:982)
	at org.apache.tomcat.util.net.AbstractJsseEndpoint.init(AbstractJsseEndpoint.java:245)
	at org.apache.coyote.AbstractProtocol.init(AbstractProtocol.java:620)
	at org.apache.coyote.http11.AbstractHttp11Protocol.init(AbstractHttp11Protocol.java:66)
	at org.apache.catalina.connector.Connector.initInternal(Connector.java:997)
	at org.apache.catalina.util.LifecycleBase.init(LifecycleBase.java:107)
	at org.apache.catalina.core.StandardService.initInternal(StandardService.java:549)
	at org.apache.catalina.util.LifecycleBase.init(LifecycleBase.java:107)
	at org.apache.catalina.core.StandardServer.initInternal(StandardServer.java:875)
	at org.apache.catalina.util.LifecycleBase.init(LifecycleBase.java:107)
	at org.apache.catalina.startup.Catalina.load(Catalina.java:621)
	at org.apache.catalina.startup.Catalina.load(Catalina.java:644)
	at sun.reflect.NativeMethodAccessorImpl.invoke0(Native Method)
	at sun.reflect.NativeMethodAccessorImpl.invoke(Unknown Source)
	at sun.reflect.DelegatingMethodAccessorImpl.invoke(Unknown Source)
	at java.lang.reflect.Method.invoke(Unknown Source)
	at org.apache.catalina.startup.Bootstrap.load(Bootstrap.java:311)
	at org.apache.catalina.startup.Bootstrap.main(Bootstrap.java:494)

24-Jan-2018 17:21:26.915 GRAVE [main] org.apache.catalina.core.StandardService.initInternal Failed to initialize connector [Connector[HTTP/1.1-8080]]
 org.apache.catalina.LifecycleException: Failed to initialize component [Connector[HTTP/1.1-8080]]
	at org.apache.catalina.util.LifecycleBase.init(LifecycleBase.java:113)
	at org.apache.catalina.core.StandardService.initInternal(StandardService.java:549)
	at org.apache.catalina.util.LifecycleBase.init(LifecycleBase.java:107)
	at org.apache.catalina.core.StandardServer.initInternal(StandardServer.java:875)
	at org.apache.catalina.util.LifecycleBase.init(LifecycleBase.java:107)
	at org.apache.catalina.startup.Catalina.load(Catalina.java:621)
	at org.apache.catalina.startup.Catalina.load(Catalina.java:644)
	at sun.reflect.NativeMethodAccessorImpl.invoke0(Native Method)
	at sun.reflect.NativeMethodAccessorImpl.invoke(Unknown Source)
	at sun.reflect.DelegatingMethodAccessorImpl.invoke(Unknown Source)
	at java.lang.reflect.Method.invoke(Unknown Source)
	at org.apache.catalina.startup.Bootstrap.load(Bootstrap.java:311)
	at org.apache.catalina.startup.Bootstrap.main(Bootstrap.java:494)
Caused by: org.apache.catalina.LifecycleException: Protocol handler initialization failed
	at org.apache.catalina.connector.Connector.initInternal(Connector.java:1000)
	at org.apache.catalina.util.LifecycleBase.init(LifecycleBase.java:107)
	... 12 more
Caused by: java.net.BindException: Address already in use: bind
	at sun.nio.ch.Net.bind0(Native Method)
	at sun.nio.ch.Net.bind(Unknown Source)
	at sun.nio.ch.Net.bind(Unknown Source)
	at sun.nio.ch.ServerSocketChannelImpl.bind(Unknown Source)
	at sun.nio.ch.ServerSocketAdaptor.bind(Unknown Source)
	at org.apache.tomcat.util.net.NioEndpoint.bind(NioEndpoint.java:210)
	at org.apache.tomcat.util.net.AbstractEndpoint.init(AbstractEndpoint.java:982)
	at org.apache.tomcat.util.net.AbstractJsseEndpoint.init(AbstractJsseEndpoint.java:245)
	at org.apache.coyote.AbstractProtocol.init(AbstractProtocol.java:620)
	at org.apache.coyote.http11.AbstractHttp11Protocol.init(AbstractHttp11Protocol.java:66)
	at org.apache.catalina.connector.Connector.initInternal(Connector.java:997)
	... 13 more

24-Jan-2018 17:21:26.917 INFORMAZIONI [main] org.apache.coyote.AbstractProtocol.init Initializing ProtocolHandler ["ajp-nio-8009"]
24-Jan-2018 17:21:26.919 GRAVE [main] org.apache.coyote.AbstractProtocol.init Failed to initialize end point associated with ProtocolHandler ["ajp-nio-8009"]
 java.net.BindException: Address already in use: bind
	at sun.nio.ch.Net.bind0(Native Method)
	at sun.nio.ch.Net.bind(Unknown Source)
	at sun.nio.ch.Net.bind(Unknown Source)
	at sun.nio.ch.ServerSocketChannelImpl.bind(Unknown Source)
	at sun.nio.ch.ServerSocketAdaptor.bind(Unknown Source)
	at org.apache.tomcat.util.net.NioEndpoint.bind(NioEndpoint.java:210)
	at org.apache.tomcat.util.net.AbstractEndpoint.init(AbstractEndpoint.java:982)
	at org.apache.tomcat.util.net.AbstractJsseEndpoint.init(AbstractJsseEndpoint.java:245)
	at org.apache.coyote.AbstractProtocol.init(AbstractProtocol.java:620)
	at org.apache.catalina.connector.Connector.initInternal(Connector.java:997)
	at org.apache.catalina.util.LifecycleBase.init(LifecycleBase.java:107)
	at org.apache.catalina.core.StandardService.initInternal(StandardService.java:549)
	at org.apache.catalina.util.LifecycleBase.init(LifecycleBase.java:107)
	at org.apache.catalina.core.StandardServer.initInternal(StandardServer.java:875)
	at org.apache.catalina.util.LifecycleBase.init(LifecycleBase.java:107)
	at org.apache.catalina.startup.Catalina.load(Catalina.java:621)
	at org.apache.catalina.startup.Catalina.load(Catalina.java:644)
	at sun.reflect.NativeMethodAccessorImpl.invoke0(Native Method)
	at sun.reflect.NativeMethodAccessorImpl.invoke(Unknown Source)
	at sun.reflect.DelegatingMethodAccessorImpl.invoke(Unknown Source)
	at java.lang.reflect.Method.invoke(Unknown Source)
	at org.apache.catalina.startup.Bootstrap.load(Bootstrap.java:311)
	at org.apache.catalina.startup.Bootstrap.main(Bootstrap.java:494)

24-Jan-2018 17:21:26.920 GRAVE [main] org.apache.catalina.core.StandardService.initInternal Failed to initialize connector [Connector[AJP/1.3-8009]]
 org.apache.catalina.LifecycleException: Failed to initialize component [Connector[AJP/1.3-8009]]
	at org.apache.catalina.util.LifecycleBase.init(LifecycleBase.java:113)
	at org.apache.catalina.core.StandardService.initInternal(StandardService.java:549)
	at org.apache.catalina.util.LifecycleBase.init(LifecycleBase.java:107)
	at org.apache.catalina.core.StandardServer.initInternal(StandardServer.java:875)
	at org.apache.catalina.util.LifecycleBase.init(LifecycleBase.java:107)
	at org.apache.catalina.startup.Catalina.load(Catalina.java:621)
	at org.apache.catalina.startup.Catalina.load(Catalina.java:644)
	at sun.reflect.NativeMethodAccessorImpl.invoke0(Native Method)
	at sun.reflect.NativeMethodAccessorImpl.invoke(Unknown Source)
	at sun.reflect.DelegatingMethodAccessorImpl.invoke(Unknown Source)
	at java.lang.reflect.Method.invoke(Unknown Source)
	at org.apache.catalina.startup.Bootstrap.load(Bootstrap.java:311)
	at org.apache.catalina.startup.Bootstrap.main(Bootstrap.java:494)
Caused by: org.apache.catalina.LifecycleException: Protocol handler initialization failed
	at org.apache.catalina.connector.Connector.initInternal(Connector.java:1000)
	at org.apache.catalina.util.LifecycleBase.init(LifecycleBase.java:107)
	... 12 more
Caused by: java.net.BindException: Address already in use: bind
	at sun.nio.ch.Net.bind0(Native Method)
	at sun.nio.ch.Net.bind(Unknown Source)
	at sun.nio.ch.Net.bind(Unknown Source)
	at sun.nio.ch.ServerSocketChannelImpl.bind(Unknown Source)
	at sun.nio.ch.ServerSocketAdaptor.bind(Unknown Source)
	at org.apache.tomcat.util.net.NioEndpoint.bind(NioEndpoint.java:210)
	at org.apache.tomcat.util.net.AbstractEndpoint.init(AbstractEndpoint.java:982)
	at org.apache.tomcat.util.net.AbstractJsseEndpoint.init(AbstractJsseEndpoint.java:245)
	at org.apache.coyote.AbstractProtocol.init(AbstractProtocol.java:620)
	at org.apache.catalina.connector.Connector.initInternal(Connector.java:997)
	... 13 more

24-Jan-2018 17:21:26.921 INFORMAZIONI [main] org.apache.catalina.startup.Catalina.load Initialization processed in 5590 ms
24-Jan-2018 17:21:27.052 INFORMAZIONI [main] org.apache.catalina.core.StandardService.startInternal Starting service [Catalina]
24-Jan-2018 17:21:27.053 INFORMAZIONI [main] org.apache.catalina.core.StandardEngine.startInternal Starting Servlet Engine: Apache Tomcat/8.5.23
24-Jan-2018 17:21:27.123 INFORMAZIONI [localhost-startStop-1] org.apache.catalina.startup.HostConfig.deployWAR Deploying web application archive [C:\server_config\apache-tomcat-8.5.23-windows-x64\apache-tomcat-8.5.23\webapps\addnumbersagain.war]
24-Jan-2018 17:21:33.438 INFORMAZIONI [localhost-startStop-1] org.apache.jasper.servlet.TldScanner.scanJars At least one JAR was scanned for TLDs yet contained no TLDs. Enable debug logging for this logger for a complete list of JARs that were scanned but no TLDs were found in them. Skipping unneeded JARs during scanning can improve startup time and JSP compilation time.
24-Jan-2018 17:21:48.365 INFORMAZIONI [localhost-startStop-1] com.sun.xml.ws.server.MonitorBase.createRoot Metro monitoring rootname successfully set to: com.sun.metro:pp=/,type=WSEndpoint,name=/addnumbersagain-AddNumbersImplService-AddNumbersImplPort
24-Jan-2018 17:21:52.859 INFORMAZIONI [localhost-startStop-1] com.sun.xml.ws.transport.http.servlet.WSServletDelegate.<init> WSSERVLET14: inizializzazione del servlet JAX-WS
24-Jan-2018 17:21:52.870 INFORMAZIONI [localhost-startStop-1] com.sun.xml.ws.transport.http.servlet.WSServletContextListener.contextInitialized WSSERVLET12: inizializzazione del listener del contesto JAX-WS
24-Jan-2018 17:21:52.871 INFORMAZIONI [localhost-startStop-1] com.sun.xml.ws.transport.http.servlet.WSServletContextListener.contextInitialized WSSERVLET12: inizializzazione del listener del contesto JAX-WS
24-Jan-2018 17:21:53.619 AVVERTENZA [localhost-startStop-1] org.apache.catalina.util.SessionIdGeneratorBase.createSecureRandom Creation of SecureRandom instance for session ID generation using [SHA1PRNG] took [716] milliseconds.
24-Jan-2018 17:21:53.722 INFORMAZIONI [localhost-startStop-1] org.apache.catalina.startup.HostConfig.deployWAR Deployment of web application archive [C:\server_config\apache-tomcat-8.5.23-windows-x64\apache-tomcat-8.5.23\webapps\addnumbersagain.war] has finished in [26,599] ms
24-Jan-2018 17:21:53.777 INFORMAZIONI [localhost-startStop-1] org.apache.catalina.startup.HostConfig.deployWAR Deploying web application archive [C:\server_config\apache-tomcat-8.5.23-windows-x64\apache-tomcat-8.5.23\webapps\web.war]
24-Jan-2018 17:22:34.973 INFORMAZIONI [localhost-startStop-1] org.apache.jasper.servlet.TldScanner.scanJars At least one JAR was scanned for TLDs yet contained no TLDs. Enable debug logging for this logger for a complete list of JARs that were scanned but no TLDs were found in them. Skipping unneeded JARs during scanning can improve startup time and JSP compilation time.
24-Jan-2018 17:22:35.023 INFORMAZIONI [localhost-startStop-1] org.apache.catalina.startup.HostConfig.deployWAR Deployment of web application archive [C:\server_config\apache-tomcat-8.5.23-windows-x64\apache-tomcat-8.5.23\webapps\web.war] has finished in [41,247] ms
24-Jan-2018 17:22:35.037 INFORMAZIONI [localhost-startStop-1] org.apache.catalina.startup.HostConfig.deployWAR Deploying web application archive [C:\server_config\apache-tomcat-8.5.23-windows-x64\apache-tomcat-8.5.23\webapps\wsit-jaxws-fromjava.war]
24-Jan-2018 17:22:36.930 INFORMAZIONI [main] org.apache.catalina.startup.VersionLoggerListener.log Server version:        Apache Tomcat/8.5.23
24-Jan-2018 17:22:36.992 INFORMAZIONI [main] org.apache.catalina.startup.VersionLoggerListener.log Server built:          Sep 28 2017 10:30:11 UTC
24-Jan-2018 17:22:36.992 INFORMAZIONI [main] org.apache.catalina.startup.VersionLoggerListener.log Server number:         8.5.23.0
24-Jan-2018 17:22:36.993 INFORMAZIONI [main] org.apache.catalina.startup.VersionLoggerListener.log OS Name:               Windows 10
24-Jan-2018 17:22:36.993 INFORMAZIONI [main] org.apache.catalina.startup.VersionLoggerListener.log OS Version:            10.0
24-Jan-2018 17:22:36.994 INFORMAZIONI [main] org.apache.catalina.startup.VersionLoggerListener.log Architecture:          amd64
24-Jan-2018 17:22:36.996 INFORMAZIONI [main] org.apache.catalina.startup.VersionLoggerListener.log Java Home:             C:\Program Files\Java\jre1.8.0_144
24-Jan-2018 17:22:36.997 INFORMAZIONI [main] org.apache.catalina.startup.VersionLoggerListener.log JVM Version:           1.8.0_144-b01
24-Jan-2018 17:22:36.997 INFORMAZIONI [main] org.apache.catalina.startup.VersionLoggerListener.log JVM Vendor:            Oracle Corporation
24-Jan-2018 17:22:36.998 INFORMAZIONI [main] org.apache.catalina.startup.VersionLoggerListener.log CATALINA_BASE:         C:\server_config\apache-tomcat-8.5.23-windows-x64\apache-tomcat-8.5.23
24-Jan-2018 17:22:36.998 INFORMAZIONI [main] org.apache.catalina.startup.VersionLoggerListener.log CATALINA_HOME:         C:\server_config\apache-tomcat-8.5.23-windows-x64\apache-tomcat-8.5.23
24-Jan-2018 17:22:36.999 INFORMAZIONI [main] org.apache.catalina.startup.VersionLoggerListener.log Command line argument: -Djava.util.logging.config.file=C:\server_config\apache-tomcat-8.5.23-windows-x64\apache-tomcat-8.5.23\conf\logging.properties
24-Jan-2018 17:22:37.000 INFORMAZIONI [main] org.apache.catalina.startup.VersionLoggerListener.log Command line argument: -Djava.util.logging.manager=org.apache.juli.ClassLoaderLogManager
24-Jan-2018 17:22:37.003 INFORMAZIONI [main] org.apache.catalina.startup.VersionLoggerListener.log Command line argument: -Djdk.tls.ephemeralDHKeySize=2048
24-Jan-2018 17:22:37.005 INFORMAZIONI [main] org.apache.catalina.startup.VersionLoggerListener.log Command line argument: -Djava.protocol.handler.pkgs=org.apache.catalina.webresources
24-Jan-2018 17:22:37.006 INFORMAZIONI [main] org.apache.catalina.startup.VersionLoggerListener.log Command line argument: -Dcatalina.base=C:\server_config\apache-tomcat-8.5.23-windows-x64\apache-tomcat-8.5.23
24-Jan-2018 17:22:37.007 INFORMAZIONI [main] org.apache.catalina.startup.VersionLoggerListener.log Command line argument: -Dcatalina.home=C:\server_config\apache-tomcat-8.5.23-windows-x64\apache-tomcat-8.5.23
24-Jan-2018 17:22:37.009 INFORMAZIONI [main] org.apache.catalina.startup.VersionLoggerListener.log Command line argument: -Djava.io.tmpdir=C:\server_config\apache-tomcat-8.5.23-windows-x64\apache-tomcat-8.5.23\temp
24-Jan-2018 17:22:37.010 INFORMAZIONI [main] org.apache.catalina.core.AprLifecycleListener.lifecycleEvent Loaded APR based Apache Tomcat Native library [1.2.14] using APR version [1.6.2].
24-Jan-2018 17:22:37.011 INFORMAZIONI [main] org.apache.catalina.core.AprLifecycleListener.lifecycleEvent APR capabilities: IPv6 [true], sendfile [true], accept filters [false], random [true].
24-Jan-2018 17:22:37.012 INFORMAZIONI [main] org.apache.catalina.core.AprLifecycleListener.lifecycleEvent APR/OpenSSL configuration: useAprConnector [false], useOpenSSL [true]
24-Jan-2018 17:22:38.123 INFORMAZIONI [main] org.apache.catalina.core.AprLifecycleListener.initializeSSL OpenSSL successfully initialized [OpenSSL 1.0.2l  25 May 2017]
24-Jan-2018 17:22:39.481 INFORMAZIONI [main] org.apache.coyote.AbstractProtocol.init Initializing ProtocolHandler ["http-nio-8080"]
24-Jan-2018 17:22:39.782 INFORMAZIONI [localhost-startStop-1] org.apache.jasper.servlet.TldScanner.scanJars At least one JAR was scanned for TLDs yet contained no TLDs. Enable debug logging for this logger for a complete list of JARs that were scanned but no TLDs were found in them. Skipping unneeded JARs during scanning can improve startup time and JSP compilation time.
24-Jan-2018 17:22:40.056 INFORMAZIONI [localhost-startStop-1] com.sun.xml.ws.server.MonitorBase.createRoot Metro monitoring rootname successfully set to: com.sun.metro:pp=/,type=WSEndpoint,name=/wsit-jaxws-fromjava-AddNumbersImplService-AddNumbersImplPort
24-Jan-2018 17:22:40.104 INFORMAZIONI [localhost-startStop-1] com.sun.xml.ws.transport.http.servlet.WSServletDelegate.<init> WSSERVLET14: inizializzazione del servlet JAX-WS
24-Jan-2018 17:22:40.104 INFORMAZIONI [localhost-startStop-1] com.sun.xml.ws.transport.http.servlet.WSServletContextListener.contextInitialized WSSERVLET12: inizializzazione del listener del contesto JAX-WS
24-Jan-2018 17:22:40.104 INFORMAZIONI [localhost-startStop-1] com.sun.xml.ws.transport.http.servlet.WSServletContextListener.contextInitialized WSSERVLET12: inizializzazione del listener del contesto JAX-WS
24-Jan-2018 17:22:40.108 INFORMAZIONI [localhost-startStop-1] org.apache.catalina.startup.HostConfig.deployWAR Deployment of web application archive [C:\server_config\apache-tomcat-8.5.23-windows-x64\apache-tomcat-8.5.23\webapps\wsit-jaxws-fromjava.war] has finished in [5,072] ms
24-Jan-2018 17:22:40.112 INFORMAZIONI [localhost-startStop-1] org.apache.catalina.startup.HostConfig.deployDirectory Deploying web application directory [C:\server_config\apache-tomcat-8.5.23-windows-x64\apache-tomcat-8.5.23\webapps\docs]
24-Jan-2018 17:22:40.488 INFORMAZIONI [main] org.apache.tomcat.util.net.NioSelectorPool.getSharedSelector Using a shared selector for servlet write/read
24-Jan-2018 17:22:40.492 INFORMAZIONI [main] org.apache.coyote.AbstractProtocol.init Initializing ProtocolHandler ["ajp-nio-8009"]
24-Jan-2018 17:22:40.495 INFORMAZIONI [main] org.apache.tomcat.util.net.NioSelectorPool.getSharedSelector Using a shared selector for servlet write/read
24-Jan-2018 17:22:40.495 INFORMAZIONI [main] org.apache.catalina.startup.Catalina.load Initialization processed in 5345 ms
24-Jan-2018 17:22:40.803 INFORMAZIONI [main] org.apache.catalina.core.StandardService.startInternal Starting service [Catalina]
24-Jan-2018 17:22:40.803 INFORMAZIONI [main] org.apache.catalina.core.StandardEngine.startInternal Starting Servlet Engine: Apache Tomcat/8.5.23
24-Jan-2018 17:22:40.957 INFORMAZIONI [localhost-startStop-1] org.apache.catalina.startup.HostConfig.deployWAR Deploying web application archive [C:\server_config\apache-tomcat-8.5.23-windows-x64\apache-tomcat-8.5.23\webapps\addnumbersagain.war]
24-Jan-2018 17:22:43.483 INFORMAZIONI [localhost-startStop-1] org.apache.jasper.servlet.TldScanner.scanJars At least one JAR was scanned for TLDs yet contained no TLDs. Enable debug logging for this logger for a complete list of JARs that were scanned but no TLDs were found in them. Skipping unneeded JARs during scanning can improve startup time and JSP compilation time.
24-Jan-2018 17:22:43.487 INFORMAZIONI [localhost-startStop-1] org.apache.catalina.startup.HostConfig.deployDirectory Deployment of web application directory [C:\server_config\apache-tomcat-8.5.23-windows-x64\apache-tomcat-8.5.23\webapps\docs] has finished in [3,375] ms
24-Jan-2018 17:22:43.488 INFORMAZIONI [localhost-startStop-1] org.apache.catalina.startup.HostConfig.deployDirectory Deploying web application directory [C:\server_config\apache-tomcat-8.5.23-windows-x64\apache-tomcat-8.5.23\webapps\examples]
24-Jan-2018 17:22:45.562 INFORMAZIONI [localhost-startStop-1] org.apache.jasper.servlet.TldScanner.scanJars At least one JAR was scanned for TLDs yet contained no TLDs. Enable debug logging for this logger for a complete list of JARs that were scanned but no TLDs were found in them. Skipping unneeded JARs during scanning can improve startup time and JSP compilation time.
24-Jan-2018 17:22:53.497 INFORMAZIONI [localhost-startStop-1] com.sun.xml.ws.server.MonitorBase.createRoot Metro monitoring rootname successfully set to: com.sun.metro:pp=/,type=WSEndpoint,name=/addnumbersagain-AddNumbersImplService-AddNumbersImplPort
24-Jan-2018 17:22:57.662 INFORMAZIONI [localhost-startStop-1] com.sun.xml.ws.transport.http.servlet.WSServletDelegate.<init> WSSERVLET14: inizializzazione del servlet JAX-WS
24-Jan-2018 17:22:57.671 INFORMAZIONI [localhost-startStop-1] com.sun.xml.ws.transport.http.servlet.WSServletContextListener.contextInitialized WSSERVLET12: inizializzazione del listener del contesto JAX-WS
24-Jan-2018 17:22:57.672 INFORMAZIONI [localhost-startStop-1] com.sun.xml.ws.transport.http.servlet.WSServletContextListener.contextInitialized WSSERVLET12: inizializzazione del listener del contesto JAX-WS
24-Jan-2018 17:22:58.116 INFORMAZIONI [localhost-startStop-1] org.apache.catalina.startup.HostConfig.deployWAR Deployment of web application archive [C:\server_config\apache-tomcat-8.5.23-windows-x64\apache-tomcat-8.5.23\webapps\addnumbersagain.war] has finished in [17,127] ms
24-Jan-2018 17:22:58.284 INFORMAZIONI [localhost-startStop-1] org.apache.catalina.startup.HostConfig.deployWAR Deploying web application archive [C:\server_config\apache-tomcat-8.5.23-windows-x64\apache-tomcat-8.5.23\webapps\web.war]
24-Jan-2018 17:23:20.823 INFORMAZIONI [localhost-startStop-1] org.apache.jasper.servlet.TldScanner.scanJars At least one JAR was scanned for TLDs yet contained no TLDs. Enable debug logging for this logger for a complete list of JARs that were scanned but no TLDs were found in them. Skipping unneeded JARs during scanning can improve startup time and JSP compilation time.
24-Jan-2018 17:23:21.163 INFORMAZIONI [localhost-startStop-1] org.apache.catalina.startup.HostConfig.deployDirectory Deployment of web application directory [C:\server_config\apache-tomcat-8.5.23-windows-x64\apache-tomcat-8.5.23\webapps\examples] has finished in [37,674] ms
24-Jan-2018 17:23:21.163 INFORMAZIONI [localhost-startStop-1] org.apache.catalina.startup.HostConfig.deployDirectory Deploying web application directory [C:\server_config\apache-tomcat-8.5.23-windows-x64\apache-tomcat-8.5.23\webapps\host-manager]
24-Jan-2018 17:23:21.718 INFORMAZIONI [localhost-startStop-1] org.apache.jasper.servlet.TldScanner.scanJars At least one JAR was scanned for TLDs yet contained no TLDs. Enable debug logging for this logger for a complete list of JARs that were scanned but no TLDs were found in them. Skipping unneeded JARs during scanning can improve startup time and JSP compilation time.
24-Jan-2018 17:23:21.728 INFORMAZIONI [localhost-startStop-1] org.apache.catalina.startup.HostConfig.deployWAR Deployment of web application archive [C:\server_config\apache-tomcat-8.5.23-windows-x64\apache-tomcat-8.5.23\webapps\web.war] has finished in [23,444] ms
24-Jan-2018 17:23:21.748 INFORMAZIONI [localhost-startStop-1] org.apache.catalina.startup.HostConfig.deployWAR Deploying web application archive [C:\server_config\apache-tomcat-8.5.23-windows-x64\apache-tomcat-8.5.23\webapps\wsit-jaxws-fromjava.war]
24-Jan-2018 17:23:21.907 INFORMAZIONI [localhost-startStop-1] org.apache.catalina.startup.HostConfig.deployDirectory Deployment of web application directory [C:\server_config\apache-tomcat-8.5.23-windows-x64\apache-tomcat-8.5.23\webapps\host-manager] has finished in [744] ms
24-Jan-2018 17:23:21.907 INFORMAZIONI [localhost-startStop-1] org.apache.catalina.startup.HostConfig.deployDirectory Deploying web application directory [C:\server_config\apache-tomcat-8.5.23-windows-x64\apache-tomcat-8.5.23\webapps\manager]
24-Jan-2018 17:23:22.203 INFORMAZIONI [localhost-startStop-1] org.apache.catalina.startup.HostConfig.deployDirectory Deployment of web application directory [C:\server_config\apache-tomcat-8.5.23-windows-x64\apache-tomcat-8.5.23\webapps\manager] has finished in [296] ms
24-Jan-2018 17:23:22.204 INFORMAZIONI [localhost-startStop-1] org.apache.catalina.startup.HostConfig.deployDirectory Deploying web application directory [C:\server_config\apache-tomcat-8.5.23-windows-x64\apache-tomcat-8.5.23\webapps\ROOT]
24-Jan-2018 17:23:23.975 INFORMAZIONI [localhost-startStop-1] org.apache.jasper.servlet.TldScanner.scanJars At least one JAR was scanned for TLDs yet contained no TLDs. Enable debug logging for this logger for a complete list of JARs that were scanned but no TLDs were found in them. Skipping unneeded JARs during scanning can improve startup time and JSP compilation time.
24-Jan-2018 17:23:24.064 INFORMAZIONI [localhost-startStop-1] com.sun.xml.ws.server.MonitorBase.createRoot Metro monitoring rootname successfully set to: com.sun.metro:pp=/,type=WSEndpoint,name=/wsit-jaxws-fromjava-AddNumbersImplService-AddNumbersImplPort
24-Jan-2018 17:23:24.135 INFORMAZIONI [localhost-startStop-1] com.sun.xml.ws.transport.http.servlet.WSServletDelegate.<init> WSSERVLET14: inizializzazione del servlet JAX-WS
24-Jan-2018 17:23:24.137 INFORMAZIONI [localhost-startStop-1] com.sun.xml.ws.transport.http.servlet.WSServletContextListener.contextInitialized WSSERVLET12: inizializzazione del listener del contesto JAX-WS
24-Jan-2018 17:23:24.137 INFORMAZIONI [localhost-startStop-1] com.sun.xml.ws.transport.http.servlet.WSServletContextListener.contextInitialized WSSERVLET12: inizializzazione del listener del contesto JAX-WS
24-Jan-2018 17:23:24.147 INFORMAZIONI [localhost-startStop-1] org.apache.catalina.startup.HostConfig.deployWAR Deployment of web application archive [C:\server_config\apache-tomcat-8.5.23-windows-x64\apache-tomcat-8.5.23\webapps\wsit-jaxws-fromjava.war] has finished in [2,399] ms
24-Jan-2018 17:23:24.164 INFORMAZIONI [localhost-startStop-1] org.apache.catalina.startup.HostConfig.deployDirectory Deploying web application directory [C:\server_config\apache-tomcat-8.5.23-windows-x64\apache-tomcat-8.5.23\webapps\docs]
24-Jan-2018 17:23:24.323 INFORMAZIONI [localhost-startStop-1] org.apache.jasper.servlet.TldScanner.scanJars At least one JAR was scanned for TLDs yet contained no TLDs. Enable debug logging for this logger for a complete list of JARs that were scanned but no TLDs were found in them. Skipping unneeded JARs during scanning can improve startup time and JSP compilation time.
24-Jan-2018 17:23:24.329 INFORMAZIONI [localhost-startStop-1] org.apache.catalina.startup.HostConfig.deployDirectory Deployment of web application directory [C:\server_config\apache-tomcat-8.5.23-windows-x64\apache-tomcat-8.5.23\webapps\ROOT] has finished in [2,125] ms
24-Jan-2018 17:23:24.406 INFORMAZIONI [main] org.apache.catalina.startup.Catalina.start Server startup in 117484 ms
24-Jan-2018 17:23:25.864 INFORMAZIONI [localhost-startStop-1] org.apache.jasper.servlet.TldScanner.scanJars At least one JAR was scanned for TLDs yet contained no TLDs. Enable debug logging for this logger for a complete list of JARs that were scanned but no TLDs were found in them. Skipping unneeded JARs during scanning can improve startup time and JSP compilation time.
24-Jan-2018 17:23:25.873 INFORMAZIONI [localhost-startStop-1] org.apache.catalina.startup.HostConfig.deployDirectory Deployment of web application directory [C:\server_config\apache-tomcat-8.5.23-windows-x64\apache-tomcat-8.5.23\webapps\docs] has finished in [1,709] ms
24-Jan-2018 17:23:25.873 INFORMAZIONI [localhost-startStop-1] org.apache.catalina.startup.HostConfig.deployDirectory Deploying web application directory [C:\server_config\apache-tomcat-8.5.23-windows-x64\apache-tomcat-8.5.23\webapps\examples]
24-Jan-2018 17:23:28.961 INFORMAZIONI [localhost-startStop-1] org.apache.jasper.servlet.TldScanner.scanJars At least one JAR was scanned for TLDs yet contained no TLDs. Enable debug logging for this logger for a complete list of JARs that were scanned but no TLDs were found in them. Skipping unneeded JARs during scanning can improve startup time and JSP compilation time.
24-Jan-2018 17:23:29.037 INFORMAZIONI [localhost-startStop-1] org.apache.catalina.startup.HostConfig.deployDirectory Deployment of web application directory [C:\server_config\apache-tomcat-8.5.23-windows-x64\apache-tomcat-8.5.23\webapps\examples] has finished in [3,164] ms
24-Jan-2018 17:23:29.037 INFORMAZIONI [localhost-startStop-1] org.apache.catalina.startup.HostConfig.deployDirectory Deploying web application directory [C:\server_config\apache-tomcat-8.5.23-windows-x64\apache-tomcat-8.5.23\webapps\host-manager]
24-Jan-2018 17:23:29.083 INFORMAZIONI [localhost-startStop-1] org.apache.catalina.startup.HostConfig.deployDirectory Deployment of web application directory [C:\server_config\apache-tomcat-8.5.23-windows-x64\apache-tomcat-8.5.23\webapps\host-manager] has finished in [46] ms
24-Jan-2018 17:23:29.083 INFORMAZIONI [localhost-startStop-1] org.apache.catalina.startup.HostConfig.deployDirectory Deploying web application directory [C:\server_config\apache-tomcat-8.5.23-windows-x64\apache-tomcat-8.5.23\webapps\manager]
24-Jan-2018 17:23:29.127 INFORMAZIONI [localhost-startStop-1] org.apache.catalina.startup.HostConfig.deployDirectory Deployment of web application directory [C:\server_config\apache-tomcat-8.5.23-windows-x64\apache-tomcat-8.5.23\webapps\manager] has finished in [43] ms
24-Jan-2018 17:23:29.127 INFORMAZIONI [localhost-startStop-1] org.apache.catalina.startup.HostConfig.deployDirectory Deploying web application directory [C:\server_config\apache-tomcat-8.5.23-windows-x64\apache-tomcat-8.5.23\webapps\ROOT]
24-Jan-2018 17:23:30.683 INFORMAZIONI [localhost-startStop-1] org.apache.jasper.servlet.TldScanner.scanJars At least one JAR was scanned for TLDs yet contained no TLDs. Enable debug logging for this logger for a complete list of JARs that were scanned but no TLDs were found in them. Skipping unneeded JARs during scanning can improve startup time and JSP compilation time.
24-Jan-2018 17:23:30.688 INFORMAZIONI [localhost-startStop-1] org.apache.catalina.startup.HostConfig.deployDirectory Deployment of web application directory [C:\server_config\apache-tomcat-8.5.23-windows-x64\apache-tomcat-8.5.23\webapps\ROOT] has finished in [1,561] ms
24-Jan-2018 17:23:30.728 INFORMAZIONI [main] org.apache.coyote.AbstractProtocol.start Starting ProtocolHandler ["http-nio-8080"]
24-Jan-2018 17:23:30.765 INFORMAZIONI [main] org.apache.coyote.AbstractProtocol.start Starting ProtocolHandler ["ajp-nio-8009"]
24-Jan-2018 17:23:30.772 INFORMAZIONI [main] org.apache.catalina.startup.Catalina.start Server startup in 50276 ms
24-Jan-2018 17:23:30.815 GRAVE [main] org.apache.catalina.core.StandardServer.await StandardServer.await: create[localhost:8005]: 
 java.net.BindException: Address already in use: JVM_Bind
	at java.net.DualStackPlainSocketImpl.bind0(Native Method)
	at java.net.DualStackPlainSocketImpl.socketBind(Unknown Source)
	at java.net.AbstractPlainSocketImpl.bind(Unknown Source)
	at java.net.PlainSocketImpl.bind(Unknown Source)
	at java.net.ServerSocket.bind(Unknown Source)
	at java.net.ServerSocket.<init>(Unknown Source)
	at org.apache.catalina.core.StandardServer.await(StandardServer.java:441)
	at org.apache.catalina.startup.Catalina.await(Catalina.java:758)
	at org.apache.catalina.startup.Catalina.start(Catalina.java:704)
	at sun.reflect.NativeMethodAccessorImpl.invoke0(Native Method)
	at sun.reflect.NativeMethodAccessorImpl.invoke(Unknown Source)
	at sun.reflect.DelegatingMethodAccessorImpl.invoke(Unknown Source)
	at java.lang.reflect.Method.invoke(Unknown Source)
	at org.apache.catalina.startup.Bootstrap.start(Bootstrap.java:355)
	at org.apache.catalina.startup.Bootstrap.main(Bootstrap.java:495)

24-Jan-2018 17:23:30.848 INFORMAZIONI [main] org.apache.coyote.AbstractProtocol.pause Pausing ProtocolHandler ["http-nio-8080"]
24-Jan-2018 17:23:31.148 INFORMAZIONI [main] org.apache.coyote.AbstractProtocol.pause Pausing ProtocolHandler ["ajp-nio-8009"]
24-Jan-2018 17:23:31.282 INFORMAZIONI [main] org.apache.catalina.core.StandardService.stopInternal Stopping service [Catalina]
24-Jan-2018 17:23:31.692 INFORMAZIONI [localhost-startStop-1] com.sun.xml.ws.transport.http.servlet.WSServletDelegate.destroy WSSERVLET15: servlet JAX-WS eliminato
24-Jan-2018 17:23:31.697 INFORMAZIONI [localhost-startStop-1] com.sun.xml.ws.server.WSEndpointImpl.closeManagedObjectManager Closing Metro monitoring root: com.sun.metro:pp=/,type=WSEndpoint,name=/wsit-jaxws-fromjava-AddNumbersImplService-AddNumbersImplPort
24-Jan-2018 17:23:31.700 INFORMAZIONI [localhost-startStop-1] com.sun.xml.ws.transport.http.servlet.WSServletContextListener.contextDestroyed WSSERVLET13: listener del contesto JAX-WS eliminato
24-Jan-2018 17:23:31.700 INFORMAZIONI [localhost-startStop-1] com.sun.xml.ws.transport.http.servlet.WSServletContextListener.contextDestroyed WSSERVLET13: listener del contesto JAX-WS eliminato
24-Jan-2018 17:23:31.719 INFORMAZIONI [localhost-startStop-1] com.sun.xml.ws.transport.http.servlet.WSServletDelegate.destroy WSSERVLET15: servlet JAX-WS eliminato
24-Jan-2018 17:23:31.722 INFORMAZIONI [localhost-startStop-1] com.sun.xml.ws.server.WSEndpointImpl.closeManagedObjectManager Closing Metro monitoring root: com.sun.metro:pp=/,type=WSEndpoint,name=/addnumbersagain-AddNumbersImplService-AddNumbersImplPort
24-Jan-2018 17:23:31.726 INFORMAZIONI [localhost-startStop-1] com.sun.xml.ws.transport.http.servlet.WSServletContextListener.contextDestroyed WSSERVLET13: listener del contesto JAX-WS eliminato
24-Jan-2018 17:23:31.729 INFORMAZIONI [localhost-startStop-1] com.sun.xml.ws.transport.http.servlet.WSServletContextListener.contextDestroyed WSSERVLET13: listener del contesto JAX-WS eliminato
24-Jan-2018 17:23:31.741 INFORMAZIONI [main] org.apache.coyote.AbstractProtocol.stop Stopping ProtocolHandler ["http-nio-8080"]
24-Jan-2018 17:23:31.754 INFORMAZIONI [main] org.apache.coyote.AbstractProtocol.stop Stopping ProtocolHandler ["ajp-nio-8009"]
24-Jan-2018 17:23:31.758 INFORMAZIONI [main] org.apache.coyote.AbstractProtocol.destroy Destroying ProtocolHandler ["http-nio-8080"]
24-Jan-2018 17:23:31.763 INFORMAZIONI [main] org.apache.coyote.AbstractProtocol.destroy Destroying ProtocolHandler ["ajp-nio-8009"]
24-Jan-2018 17:23:46.501 INFORMAZIONI [Thread-3] org.apache.coyote.AbstractProtocol.pause Pausing ProtocolHandler ["http-nio-8080"]
24-Jan-2018 17:23:46.503 INFORMAZIONI [Thread-3] org.apache.coyote.AbstractProtocol.pause Pausing ProtocolHandler ["ajp-nio-8009"]
24-Jan-2018 17:23:46.505 INFORMAZIONI [Thread-3] org.apache.catalina.core.StandardService.stopInternal Stopping service [Catalina]
24-Jan-2018 17:23:46.610 INFORMAZIONI [localhost-startStop-2] com.sun.xml.ws.transport.http.servlet.WSServletDelegate.destroy WSSERVLET15: servlet JAX-WS eliminato
24-Jan-2018 17:23:46.765 INFORMAZIONI [localhost-startStop-2] com.sun.xml.ws.server.WSEndpointImpl.closeManagedObjectManager Closing Metro monitoring root: com.sun.metro:pp=/,type=WSEndpoint,name=/wsit-jaxws-fromjava-AddNumbersImplService-AddNumbersImplPort
24-Jan-2018 17:23:46.768 INFORMAZIONI [localhost-startStop-2] com.sun.xml.ws.transport.http.servlet.WSServletContextListener.contextDestroyed WSSERVLET13: listener del contesto JAX-WS eliminato
24-Jan-2018 17:23:46.769 INFORMAZIONI [localhost-startStop-2] com.sun.xml.ws.transport.http.servlet.WSServletContextListener.contextDestroyed WSSERVLET13: listener del contesto JAX-WS eliminato
24-Jan-2018 17:23:46.846 INFORMAZIONI [localhost-startStop-2] com.sun.xml.ws.transport.http.servlet.WSServletDelegate.destroy WSSERVLET15: servlet JAX-WS eliminato
24-Jan-2018 17:23:46.848 INFORMAZIONI [localhost-startStop-2] com.sun.xml.ws.server.WSEndpointImpl.closeManagedObjectManager Closing Metro monitoring root: com.sun.metro:pp=/,type=WSEndpoint,name=/addnumbersagain-AddNumbersImplService-AddNumbersImplPort
24-Jan-2018 17:23:46.850 INFORMAZIONI [localhost-startStop-2] com.sun.xml.ws.transport.http.servlet.WSServletContextListener.contextDestroyed WSSERVLET13: listener del contesto JAX-WS eliminato
24-Jan-2018 17:23:46.851 INFORMAZIONI [localhost-startStop-2] com.sun.xml.ws.transport.http.servlet.WSServletContextListener.contextDestroyed WSSERVLET13: listener del contesto JAX-WS eliminato
24-Jan-2018 17:23:46.900 INFORMAZIONI [Thread-3] org.apache.coyote.AbstractProtocol.stop Stopping ProtocolHandler ["http-nio-8080"]
24-Jan-2018 17:23:46.900 INFORMAZIONI [Thread-3] org.apache.coyote.AbstractProtocol.destroy Destroying ProtocolHandler ["http-nio-8080"]
24-Jan-2018 17:23:46.902 INFORMAZIONI [Thread-3] org.apache.coyote.AbstractProtocol.stop Stopping ProtocolHandler ["ajp-nio-8009"]
24-Jan-2018 17:23:46.906 INFORMAZIONI [Thread-3] org.apache.coyote.AbstractProtocol.destroy Destroying ProtocolHandler ["ajp-nio-8009"]
24-Jan-2018 17:23:53.363 INFORMAZIONI [main] org.apache.catalina.startup.VersionLoggerListener.log Server version:        Apache Tomcat/8.5.23
24-Jan-2018 17:23:53.367 INFORMAZIONI [main] org.apache.catalina.startup.VersionLoggerListener.log Server built:          Sep 28 2017 10:30:11 UTC
24-Jan-2018 17:23:53.367 INFORMAZIONI [main] org.apache.catalina.startup.VersionLoggerListener.log Server number:         8.5.23.0
24-Jan-2018 17:23:53.368 INFORMAZIONI [main] org.apache.catalina.startup.VersionLoggerListener.log OS Name:               Windows 10
24-Jan-2018 17:23:53.368 INFORMAZIONI [main] org.apache.catalina.startup.VersionLoggerListener.log OS Version:            10.0
24-Jan-2018 17:23:53.368 INFORMAZIONI [main] org.apache.catalina.startup.VersionLoggerListener.log Architecture:          amd64
24-Jan-2018 17:23:53.370 INFORMAZIONI [main] org.apache.catalina.startup.VersionLoggerListener.log Java Home:             C:\Program Files\Java\jre1.8.0_144
24-Jan-2018 17:23:53.370 INFORMAZIONI [main] org.apache.catalina.startup.VersionLoggerListener.log JVM Version:           1.8.0_144-b01
24-Jan-2018 17:23:53.371 INFORMAZIONI [main] org.apache.catalina.startup.VersionLoggerListener.log JVM Vendor:            Oracle Corporation
24-Jan-2018 17:23:53.371 INFORMAZIONI [main] org.apache.catalina.startup.VersionLoggerListener.log CATALINA_BASE:         C:\server_config\apache-tomcat-8.5.23-windows-x64\apache-tomcat-8.5.23
24-Jan-2018 17:23:53.371 INFORMAZIONI [main] org.apache.catalina.startup.VersionLoggerListener.log CATALINA_HOME:         C:\server_config\apache-tomcat-8.5.23-windows-x64\apache-tomcat-8.5.23
24-Jan-2018 17:23:53.372 INFORMAZIONI [main] org.apache.catalina.startup.VersionLoggerListener.log Command line argument: -Djava.util.logging.config.file=C:\server_config\apache-tomcat-8.5.23-windows-x64\apache-tomcat-8.5.23\conf\logging.properties
24-Jan-2018 17:23:53.372 INFORMAZIONI [main] org.apache.catalina.startup.VersionLoggerListener.log Command line argument: -Djava.util.logging.manager=org.apache.juli.ClassLoaderLogManager
24-Jan-2018 17:23:53.373 INFORMAZIONI [main] org.apache.catalina.startup.VersionLoggerListener.log Command line argument: -Djdk.tls.ephemeralDHKeySize=2048
24-Jan-2018 17:23:53.373 INFORMAZIONI [main] org.apache.catalina.startup.VersionLoggerListener.log Command line argument: -Djava.protocol.handler.pkgs=org.apache.catalina.webresources
24-Jan-2018 17:23:53.374 INFORMAZIONI [main] org.apache.catalina.startup.VersionLoggerListener.log Command line argument: -Dcatalina.base=C:\server_config\apache-tomcat-8.5.23-windows-x64\apache-tomcat-8.5.23
24-Jan-2018 17:23:53.374 INFORMAZIONI [main] org.apache.catalina.startup.VersionLoggerListener.log Command line argument: -Dcatalina.home=C:\server_config\apache-tomcat-8.5.23-windows-x64\apache-tomcat-8.5.23
24-Jan-2018 17:23:53.376 INFORMAZIONI [main] org.apache.catalina.startup.VersionLoggerListener.log Command line argument: -Djava.io.tmpdir=C:\server_config\apache-tomcat-8.5.23-windows-x64\apache-tomcat-8.5.23\temp
24-Jan-2018 17:23:53.377 INFORMAZIONI [main] org.apache.catalina.core.AprLifecycleListener.lifecycleEvent Loaded APR based Apache Tomcat Native library [1.2.14] using APR version [1.6.2].
24-Jan-2018 17:23:53.379 INFORMAZIONI [main] org.apache.catalina.core.AprLifecycleListener.lifecycleEvent APR capabilities: IPv6 [true], sendfile [true], accept filters [false], random [true].
24-Jan-2018 17:23:53.380 INFORMAZIONI [main] org.apache.catalina.core.AprLifecycleListener.lifecycleEvent APR/OpenSSL configuration: useAprConnector [false], useOpenSSL [true]
24-Jan-2018 17:23:54.130 INFORMAZIONI [main] org.apache.catalina.core.AprLifecycleListener.initializeSSL OpenSSL successfully initialized [OpenSSL 1.0.2l  25 May 2017]
24-Jan-2018 17:23:54.281 INFORMAZIONI [main] org.apache.coyote.AbstractProtocol.init Initializing ProtocolHandler ["http-nio-8080"]
24-Jan-2018 17:23:54.476 INFORMAZIONI [main] org.apache.tomcat.util.net.NioSelectorPool.getSharedSelector Using a shared selector for servlet write/read
24-Jan-2018 17:23:54.478 INFORMAZIONI [main] org.apache.coyote.AbstractProtocol.init Initializing ProtocolHandler ["ajp-nio-8009"]
24-Jan-2018 17:23:54.481 INFORMAZIONI [main] org.apache.tomcat.util.net.NioSelectorPool.getSharedSelector Using a shared selector for servlet write/read
24-Jan-2018 17:23:54.481 INFORMAZIONI [main] org.apache.catalina.startup.Catalina.load Initialization processed in 1598 ms
24-Jan-2018 17:23:54.507 INFORMAZIONI [main] org.apache.catalina.core.StandardService.startInternal Starting service [Catalina]
24-Jan-2018 17:23:54.508 INFORMAZIONI [main] org.apache.catalina.core.StandardEngine.startInternal Starting Servlet Engine: Apache Tomcat/8.5.23
24-Jan-2018 17:23:54.537 INFORMAZIONI [localhost-startStop-1] org.apache.catalina.startup.HostConfig.deployWAR Deploying web application archive [C:\server_config\apache-tomcat-8.5.23-windows-x64\apache-tomcat-8.5.23\webapps\addnumbersagain.war]
24-Jan-2018 17:23:57.723 INFORMAZIONI [localhost-startStop-1] org.apache.jasper.servlet.TldScanner.scanJars At least one JAR was scanned for TLDs yet contained no TLDs. Enable debug logging for this logger for a complete list of JARs that were scanned but no TLDs were found in them. Skipping unneeded JARs during scanning can improve startup time and JSP compilation time.
24-Jan-2018 17:24:01.571 INFORMAZIONI [localhost-startStop-1] com.sun.xml.ws.server.MonitorBase.createRoot Metro monitoring rootname successfully set to: com.sun.metro:pp=/,type=WSEndpoint,name=/addnumbersagain-AddNumbersImplService-AddNumbersImplPort
24-Jan-2018 17:24:01.868 INFORMAZIONI [localhost-startStop-1] com.sun.xml.ws.transport.http.servlet.WSServletDelegate.<init> WSSERVLET14: inizializzazione del servlet JAX-WS
24-Jan-2018 17:24:01.873 INFORMAZIONI [localhost-startStop-1] com.sun.xml.ws.transport.http.servlet.WSServletContextListener.contextInitialized WSSERVLET12: inizializzazione del listener del contesto JAX-WS
24-Jan-2018 17:24:01.873 INFORMAZIONI [localhost-startStop-1] com.sun.xml.ws.transport.http.servlet.WSServletContextListener.contextInitialized WSSERVLET12: inizializzazione del listener del contesto JAX-WS
24-Jan-2018 17:24:01.925 INFORMAZIONI [localhost-startStop-1] org.apache.catalina.startup.HostConfig.deployWAR Deployment of web application archive [C:\server_config\apache-tomcat-8.5.23-windows-x64\apache-tomcat-8.5.23\webapps\addnumbersagain.war] has finished in [7,374] ms
24-Jan-2018 17:24:01.960 INFORMAZIONI [localhost-startStop-1] org.apache.catalina.startup.HostConfig.deployWAR Deploying web application archive [C:\server_config\apache-tomcat-8.5.23-windows-x64\apache-tomcat-8.5.23\webapps\web.war]
24-Jan-2018 17:24:08.214 INFORMAZIONI [localhost-startStop-1] org.apache.jasper.servlet.TldScanner.scanJars At least one JAR was scanned for TLDs yet contained no TLDs. Enable debug logging for this logger for a complete list of JARs that were scanned but no TLDs were found in them. Skipping unneeded JARs during scanning can improve startup time and JSP compilation time.
24-Jan-2018 17:24:08.221 INFORMAZIONI [localhost-startStop-1] org.apache.catalina.startup.HostConfig.deployWAR Deployment of web application archive [C:\server_config\apache-tomcat-8.5.23-windows-x64\apache-tomcat-8.5.23\webapps\web.war] has finished in [6,261] ms
24-Jan-2018 17:24:08.222 INFORMAZIONI [localhost-startStop-1] org.apache.catalina.startup.HostConfig.deployWAR Deploying web application archive [C:\server_config\apache-tomcat-8.5.23-windows-x64\apache-tomcat-8.5.23\webapps\wsit-jaxws-fromjava.war]
24-Jan-2018 17:24:10.127 INFORMAZIONI [localhost-startStop-1] org.apache.jasper.servlet.TldScanner.scanJars At least one JAR was scanned for TLDs yet contained no TLDs. Enable debug logging for this logger for a complete list of JARs that were scanned but no TLDs were found in them. Skipping unneeded JARs during scanning can improve startup time and JSP compilation time.
24-Jan-2018 17:24:10.187 INFORMAZIONI [localhost-startStop-1] com.sun.xml.ws.server.MonitorBase.createRoot Metro monitoring rootname successfully set to: com.sun.metro:pp=/,type=WSEndpoint,name=/wsit-jaxws-fromjava-AddNumbersImplService-AddNumbersImplPort
24-Jan-2018 17:24:10.239 INFORMAZIONI [localhost-startStop-1] com.sun.xml.ws.transport.http.servlet.WSServletDelegate.<init> WSSERVLET14: inizializzazione del servlet JAX-WS
24-Jan-2018 17:24:10.241 INFORMAZIONI [localhost-startStop-1] com.sun.xml.ws.transport.http.servlet.WSServletContextListener.contextInitialized WSSERVLET12: inizializzazione del listener del contesto JAX-WS
24-Jan-2018 17:24:10.241 INFORMAZIONI [localhost-startStop-1] com.sun.xml.ws.transport.http.servlet.WSServletContextListener.contextInitialized WSSERVLET12: inizializzazione del listener del contesto JAX-WS
24-Jan-2018 17:24:10.245 INFORMAZIONI [localhost-startStop-1] org.apache.catalina.startup.HostConfig.deployWAR Deployment of web application archive [C:\server_config\apache-tomcat-8.5.23-windows-x64\apache-tomcat-8.5.23\webapps\wsit-jaxws-fromjava.war] has finished in [2,023] ms
24-Jan-2018 17:24:10.247 INFORMAZIONI [localhost-startStop-1] org.apache.catalina.startup.HostConfig.deployDirectory Deploying web application directory [C:\server_config\apache-tomcat-8.5.23-windows-x64\apache-tomcat-8.5.23\webapps\docs]
24-Jan-2018 17:24:12.033 INFORMAZIONI [localhost-startStop-1] org.apache.jasper.servlet.TldScanner.scanJars At least one JAR was scanned for TLDs yet contained no TLDs. Enable debug logging for this logger for a complete list of JARs that were scanned but no TLDs were found in them. Skipping unneeded JARs during scanning can improve startup time and JSP compilation time.
24-Jan-2018 17:24:12.036 INFORMAZIONI [localhost-startStop-1] org.apache.catalina.startup.HostConfig.deployDirectory Deployment of web application directory [C:\server_config\apache-tomcat-8.5.23-windows-x64\apache-tomcat-8.5.23\webapps\docs] has finished in [1,789] ms
24-Jan-2018 17:24:12.037 INFORMAZIONI [localhost-startStop-1] org.apache.catalina.startup.HostConfig.deployDirectory Deploying web application directory [C:\server_config\apache-tomcat-8.5.23-windows-x64\apache-tomcat-8.5.23\webapps\examples]
24-Jan-2018 17:24:14.455 INFORMAZIONI [localhost-startStop-1] org.apache.jasper.servlet.TldScanner.scanJars At least one JAR was scanned for TLDs yet contained no TLDs. Enable debug logging for this logger for a complete list of JARs that were scanned but no TLDs were found in them. Skipping unneeded JARs during scanning can improve startup time and JSP compilation time.
24-Jan-2018 17:24:14.515 INFORMAZIONI [localhost-startStop-1] org.apache.catalina.startup.HostConfig.deployDirectory Deployment of web application directory [C:\server_config\apache-tomcat-8.5.23-windows-x64\apache-tomcat-8.5.23\webapps\examples] has finished in [2,477] ms
24-Jan-2018 17:24:14.516 INFORMAZIONI [localhost-startStop-1] org.apache.catalina.startup.HostConfig.deployDirectory Deploying web application directory [C:\server_config\apache-tomcat-8.5.23-windows-x64\apache-tomcat-8.5.23\webapps\host-manager]
24-Jan-2018 17:24:14.564 INFORMAZIONI [localhost-startStop-1] org.apache.catalina.startup.HostConfig.deployDirectory Deployment of web application directory [C:\server_config\apache-tomcat-8.5.23-windows-x64\apache-tomcat-8.5.23\webapps\host-manager] has finished in [48] ms
24-Jan-2018 17:24:14.564 INFORMAZIONI [localhost-startStop-1] org.apache.catalina.startup.HostConfig.deployDirectory Deploying web application directory [C:\server_config\apache-tomcat-8.5.23-windows-x64\apache-tomcat-8.5.23\webapps\manager]
24-Jan-2018 17:24:14.604 INFORMAZIONI [localhost-startStop-1] org.apache.catalina.startup.HostConfig.deployDirectory Deployment of web application directory [C:\server_config\apache-tomcat-8.5.23-windows-x64\apache-tomcat-8.5.23\webapps\manager] has finished in [40] ms
24-Jan-2018 17:24:14.604 INFORMAZIONI [localhost-startStop-1] org.apache.catalina.startup.HostConfig.deployDirectory Deploying web application directory [C:\server_config\apache-tomcat-8.5.23-windows-x64\apache-tomcat-8.5.23\webapps\ROOT]
24-Jan-2018 17:24:16.194 INFORMAZIONI [localhost-startStop-1] org.apache.jasper.servlet.TldScanner.scanJars At least one JAR was scanned for TLDs yet contained no TLDs. Enable debug logging for this logger for a complete list of JARs that were scanned but no TLDs were found in them. Skipping unneeded JARs during scanning can improve startup time and JSP compilation time.
24-Jan-2018 17:24:16.197 INFORMAZIONI [localhost-startStop-1] org.apache.catalina.startup.HostConfig.deployDirectory Deployment of web application directory [C:\server_config\apache-tomcat-8.5.23-windows-x64\apache-tomcat-8.5.23\webapps\ROOT] has finished in [1,593] ms
24-Jan-2018 17:24:16.205 INFORMAZIONI [main] org.apache.coyote.AbstractProtocol.start Starting ProtocolHandler ["http-nio-8080"]
24-Jan-2018 17:24:16.221 INFORMAZIONI [main] org.apache.coyote.AbstractProtocol.start Starting ProtocolHandler ["ajp-nio-8009"]
24-Jan-2018 17:24:16.225 INFORMAZIONI [main] org.apache.catalina.startup.Catalina.start Server startup in 21743 ms
24-Jan-2018 18:37:42.922 INFORMAZIONI [Thread-5] org.apache.coyote.AbstractProtocol.pause Pausing ProtocolHandler ["http-nio-8080"]
24-Jan-2018 18:37:43.094 INFORMAZIONI [Thread-5] org.apache.coyote.AbstractProtocol.pause Pausing ProtocolHandler ["ajp-nio-8009"]
24-Jan-2018 18:37:43.204 INFORMAZIONI [Thread-5] org.apache.catalina.core.StandardService.stopInternal Stopping service [Catalina]
24-Jan-2018 18:37:43.344 AVVERTENZA [localhost-startStop-2] org.apache.catalina.loader.WebappClassLoaderBase.clearReferencesThreads The web application [web] appears to have started a thread named [EMF Reference Cleaner] but has failed to stop it. This is very likely to create a memory leak. Stack trace of thread:
 java.lang.Object.wait(Native Method)
 java.lang.ref.ReferenceQueue.remove(Unknown Source)
 java.lang.ref.ReferenceQueue.remove(Unknown Source)
 org.eclipse.emf.common.util.CommonUtil$1ReferenceClearingQueuePollingThread.run(CommonUtil.java:70)
24-Jan-2018 18:37:43.344 AVVERTENZA [localhost-startStop-2] org.apache.catalina.loader.WebappClassLoaderBase.clearReferencesThreads The web application [web] appears to have started a thread named [com.google.inject.internal.util.$Finalizer] but has failed to stop it. This is very likely to create a memory leak. Stack trace of thread:
 java.lang.Object.wait(Native Method)
 java.lang.ref.ReferenceQueue.remove(Unknown Source)
 java.lang.ref.ReferenceQueue.remove(Unknown Source)
 com.google.inject.internal.util.$Finalizer.run(Finalizer.java:114)
24-Jan-2018 18:37:43.376 INFORMAZIONI [localhost-startStop-2] com.sun.xml.ws.transport.http.servlet.WSServletDelegate.destroy WSSERVLET15: servlet JAX-WS eliminato
24-Jan-2018 18:37:43.407 INFORMAZIONI [localhost-startStop-2] com.sun.xml.ws.server.WSEndpointImpl.closeManagedObjectManager Closing Metro monitoring root: com.sun.metro:pp=/,type=WSEndpoint,name=/wsit-jaxws-fromjava-AddNumbersImplService-AddNumbersImplPort
24-Jan-2018 18:37:43.438 INFORMAZIONI [localhost-startStop-2] com.sun.xml.ws.transport.http.servlet.WSServletContextListener.contextDestroyed WSSERVLET13: listener del contesto JAX-WS eliminato
24-Jan-2018 18:37:43.438 INFORMAZIONI [localhost-startStop-2] com.sun.xml.ws.transport.http.servlet.WSServletContextListener.contextDestroyed WSSERVLET13: listener del contesto JAX-WS eliminato
24-Jan-2018 18:37:43.485 INFORMAZIONI [localhost-startStop-2] com.sun.xml.ws.transport.http.servlet.WSServletDelegate.destroy WSSERVLET15: servlet JAX-WS eliminato
24-Jan-2018 18:37:43.501 INFORMAZIONI [localhost-startStop-2] com.sun.xml.ws.server.WSEndpointImpl.closeManagedObjectManager Closing Metro monitoring root: com.sun.metro:pp=/,type=WSEndpoint,name=/addnumbersagain-AddNumbersImplService-AddNumbersImplPort
24-Jan-2018 18:37:43.501 INFORMAZIONI [localhost-startStop-2] com.sun.xml.ws.transport.http.servlet.WSServletContextListener.contextDestroyed WSSERVLET13: listener del contesto JAX-WS eliminato
24-Jan-2018 18:37:43.501 INFORMAZIONI [localhost-startStop-2] com.sun.xml.ws.transport.http.servlet.WSServletContextListener.contextDestroyed WSSERVLET13: listener del contesto JAX-WS eliminato
24-Jan-2018 18:37:43.516 INFORMAZIONI [Thread-5] org.apache.coyote.AbstractProtocol.stop Stopping ProtocolHandler ["http-nio-8080"]
24-Jan-2018 18:37:43.532 INFORMAZIONI [Thread-5] org.apache.coyote.AbstractProtocol.stop Stopping ProtocolHandler ["ajp-nio-8009"]
24-Jan-2018 18:37:43.579 INFORMAZIONI [Thread-5] org.apache.coyote.AbstractProtocol.destroy Destroying ProtocolHandler ["http-nio-8080"]
24-Jan-2018 18:37:43.579 INFORMAZIONI [Thread-5] org.apache.coyote.AbstractProtocol.destroy Destroying ProtocolHandler ["ajp-nio-8009"]
