31-Oct-2017 12:03:51.792 INFORMAZIONI [main] org.apache.catalina.startup.VersionLoggerListener.log Server version:        Apache Tomcat/8.5.23
31-Oct-2017 12:03:51.948 INFORMAZIONI [main] org.apache.catalina.startup.VersionLoggerListener.log Server built:          Sep 28 2017 10:30:11 UTC
31-Oct-2017 12:03:51.948 INFORMAZIONI [main] org.apache.catalina.startup.VersionLoggerListener.log Server number:         8.5.23.0
31-Oct-2017 12:03:51.948 INFORMAZIONI [main] org.apache.catalina.startup.VersionLoggerListener.log OS Name:               Windows 10
31-Oct-2017 12:03:51.948 INFORMAZIONI [main] org.apache.catalina.startup.VersionLoggerListener.log OS Version:            10.0
31-Oct-2017 12:03:51.948 INFORMAZIONI [main] org.apache.catalina.startup.VersionLoggerListener.log Architecture:          amd64
31-Oct-2017 12:03:51.964 INFORMAZIONI [main] org.apache.catalina.startup.VersionLoggerListener.log Java Home:             C:\Program Files\Java\jdk1.8.0_144\jre
31-Oct-2017 12:03:51.964 INFORMAZIONI [main] org.apache.catalina.startup.VersionLoggerListener.log JVM Version:           1.8.0_144-b01
31-Oct-2017 12:03:51.964 INFORMAZIONI [main] org.apache.catalina.startup.VersionLoggerListener.log JVM Vendor:            Oracle Corporation
31-Oct-2017 12:03:51.964 INFORMAZIONI [main] org.apache.catalina.startup.VersionLoggerListener.log CATALINA_BASE:         C:\server_config\apache-tomcat-8.5.23-windows-x64\apache-tomcat-8.5.23
31-Oct-2017 12:03:51.964 INFORMAZIONI [main] org.apache.catalina.startup.VersionLoggerListener.log CATALINA_HOME:         C:\server_config\apache-tomcat-8.5.23-windows-x64\apache-tomcat-8.5.23
31-Oct-2017 12:03:51.964 INFORMAZIONI [main] org.apache.catalina.startup.VersionLoggerListener.log Command line argument: -Djava.util.logging.config.file=C:\server_config\apache-tomcat-8.5.23-windows-x64\apache-tomcat-8.5.23\conf\logging.properties
31-Oct-2017 12:03:51.964 INFORMAZIONI [main] org.apache.catalina.startup.VersionLoggerListener.log Command line argument: -Djava.util.logging.manager=org.apache.juli.ClassLoaderLogManager
31-Oct-2017 12:03:51.964 INFORMAZIONI [main] org.apache.catalina.startup.VersionLoggerListener.log Command line argument: -Djdk.tls.ephemeralDHKeySize=2048
31-Oct-2017 12:03:51.964 INFORMAZIONI [main] org.apache.catalina.startup.VersionLoggerListener.log Command line argument: -Djava.protocol.handler.pkgs=org.apache.catalina.webresources
31-Oct-2017 12:03:51.964 INFORMAZIONI [main] org.apache.catalina.startup.VersionLoggerListener.log Command line argument: -Dcatalina.base=C:\server_config\apache-tomcat-8.5.23-windows-x64\apache-tomcat-8.5.23
31-Oct-2017 12:03:51.964 INFORMAZIONI [main] org.apache.catalina.startup.VersionLoggerListener.log Command line argument: -Dcatalina.home=C:\server_config\apache-tomcat-8.5.23-windows-x64\apache-tomcat-8.5.23
31-Oct-2017 12:03:51.964 INFORMAZIONI [main] org.apache.catalina.startup.VersionLoggerListener.log Command line argument: -Djava.io.tmpdir=C:\server_config\apache-tomcat-8.5.23-windows-x64\apache-tomcat-8.5.23\temp
31-Oct-2017 12:03:51.979 INFORMAZIONI [main] org.apache.catalina.core.AprLifecycleListener.lifecycleEvent Loaded APR based Apache Tomcat Native library [1.2.14] using APR version [1.6.2].
31-Oct-2017 12:03:51.979 INFORMAZIONI [main] org.apache.catalina.core.AprLifecycleListener.lifecycleEvent APR capabilities: IPv6 [true], sendfile [true], accept filters [false], random [true].
31-Oct-2017 12:03:51.979 INFORMAZIONI [main] org.apache.catalina.core.AprLifecycleListener.lifecycleEvent APR/OpenSSL configuration: useAprConnector [false], useOpenSSL [true]
31-Oct-2017 12:03:52.870 INFORMAZIONI [main] org.apache.catalina.core.AprLifecycleListener.initializeSSL OpenSSL successfully initialized [OpenSSL 1.0.2l  25 May 2017]
31-Oct-2017 12:03:55.589 INFORMAZIONI [main] org.apache.coyote.AbstractProtocol.init Initializing ProtocolHandler ["http-nio-8080"]
31-Oct-2017 12:03:57.636 INFORMAZIONI [main] org.apache.tomcat.util.net.NioSelectorPool.getSharedSelector Using a shared selector for servlet write/read
31-Oct-2017 12:03:57.636 INFORMAZIONI [main] org.apache.coyote.AbstractProtocol.init Initializing ProtocolHandler ["ajp-nio-8009"]
31-Oct-2017 12:03:57.636 INFORMAZIONI [main] org.apache.tomcat.util.net.NioSelectorPool.getSharedSelector Using a shared selector for servlet write/read
31-Oct-2017 12:03:57.652 INFORMAZIONI [main] org.apache.catalina.startup.Catalina.load Initialization processed in 8469 ms
31-Oct-2017 12:03:57.870 INFORMAZIONI [main] org.apache.catalina.core.StandardService.startInternal Starting service [Catalina]
31-Oct-2017 12:03:57.870 INFORMAZIONI [main] org.apache.catalina.core.StandardEngine.startInternal Starting Servlet Engine: Apache Tomcat/8.5.23
31-Oct-2017 12:03:57.980 INFORMAZIONI [localhost-startStop-1] org.apache.catalina.startup.HostConfig.deployWAR Deploying web application archive [C:\server_config\apache-tomcat-8.5.23-windows-x64\apache-tomcat-8.5.23\webapps\wsit-jaxws-fromjava.war]
31-Oct-2017 12:04:07.218 INFORMAZIONI [localhost-startStop-1] org.apache.jasper.servlet.TldScanner.scanJars At least one JAR was scanned for TLDs yet contained no TLDs. Enable debug logging for this logger for a complete list of JARs that were scanned but no TLDs were found in them. Skipping unneeded JARs during scanning can improve startup time and JSP compilation time.
31-Oct-2017 12:04:12.250 INFORMAZIONI [localhost-startStop-1] com.sun.xml.ws.server.MonitorBase.createRoot Metro monitoring rootname successfully set to: com.sun.metro:pp=/,type=WSEndpoint,name=/wsit-jaxws-fromjava-AddNumbersImplService-AddNumbersImplPort
31-Oct-2017 12:04:12.640 INFORMAZIONI [localhost-startStop-1] com.sun.xml.ws.transport.http.servlet.WSServletDelegate.<init> WSSERVLET14: inizializzazione del servlet JAX-WS
31-Oct-2017 12:04:12.687 INFORMAZIONI [localhost-startStop-1] com.sun.xml.ws.transport.http.servlet.WSServletContextListener.contextInitialized WSSERVLET12: inizializzazione del listener del contesto JAX-WS
31-Oct-2017 12:04:12.687 INFORMAZIONI [localhost-startStop-1] com.sun.xml.ws.transport.http.servlet.WSServletContextListener.contextInitialized WSSERVLET12: inizializzazione del listener del contesto JAX-WS
31-Oct-2017 12:04:12.812 INFORMAZIONI [localhost-startStop-1] org.apache.catalina.startup.HostConfig.deployWAR Deployment of web application archive [C:\server_config\apache-tomcat-8.5.23-windows-x64\apache-tomcat-8.5.23\webapps\wsit-jaxws-fromjava.war] has finished in [14,816] ms
31-Oct-2017 12:04:12.812 INFORMAZIONI [localhost-startStop-1] org.apache.catalina.startup.HostConfig.deployDirectory Deploying web application directory [C:\server_config\apache-tomcat-8.5.23-windows-x64\apache-tomcat-8.5.23\webapps\docs]
31-Oct-2017 12:04:16.656 INFORMAZIONI [localhost-startStop-1] org.apache.jasper.servlet.TldScanner.scanJars At least one JAR was scanned for TLDs yet contained no TLDs. Enable debug logging for this logger for a complete list of JARs that were scanned but no TLDs were found in them. Skipping unneeded JARs during scanning can improve startup time and JSP compilation time.
31-Oct-2017 12:04:16.656 INFORMAZIONI [localhost-startStop-1] org.apache.catalina.startup.HostConfig.deployDirectory Deployment of web application directory [C:\server_config\apache-tomcat-8.5.23-windows-x64\apache-tomcat-8.5.23\webapps\docs] has finished in [3,844] ms
31-Oct-2017 12:04:16.656 INFORMAZIONI [localhost-startStop-1] org.apache.catalina.startup.HostConfig.deployDirectory Deploying web application directory [C:\server_config\apache-tomcat-8.5.23-windows-x64\apache-tomcat-8.5.23\webapps\examples]
31-Oct-2017 12:04:27.349 INFORMAZIONI [localhost-startStop-1] org.apache.jasper.servlet.TldScanner.scanJars At least one JAR was scanned for TLDs yet contained no TLDs. Enable debug logging for this logger for a complete list of JARs that were scanned but no TLDs were found in them. Skipping unneeded JARs during scanning can improve startup time and JSP compilation time.
31-Oct-2017 12:04:27.630 INFORMAZIONI [localhost-startStop-1] org.apache.catalina.startup.HostConfig.deployDirectory Deployment of web application directory [C:\server_config\apache-tomcat-8.5.23-windows-x64\apache-tomcat-8.5.23\webapps\examples] has finished in [10,974] ms
31-Oct-2017 12:04:27.630 INFORMAZIONI [localhost-startStop-1] org.apache.catalina.startup.HostConfig.deployDirectory Deploying web application directory [C:\server_config\apache-tomcat-8.5.23-windows-x64\apache-tomcat-8.5.23\webapps\host-manager]
31-Oct-2017 12:04:27.849 INFORMAZIONI [localhost-startStop-1] org.apache.catalina.startup.HostConfig.deployDirectory Deployment of web application directory [C:\server_config\apache-tomcat-8.5.23-windows-x64\apache-tomcat-8.5.23\webapps\host-manager] has finished in [219] ms
31-Oct-2017 12:04:27.849 INFORMAZIONI [localhost-startStop-1] org.apache.catalina.startup.HostConfig.deployDirectory Deploying web application directory [C:\server_config\apache-tomcat-8.5.23-windows-x64\apache-tomcat-8.5.23\webapps\manager]
31-Oct-2017 12:04:27.912 INFORMAZIONI [localhost-startStop-1] org.apache.catalina.startup.HostConfig.deployDirectory Deployment of web application directory [C:\server_config\apache-tomcat-8.5.23-windows-x64\apache-tomcat-8.5.23\webapps\manager] has finished in [63] ms
31-Oct-2017 12:04:27.912 INFORMAZIONI [localhost-startStop-1] org.apache.catalina.startup.HostConfig.deployDirectory Deploying web application directory [C:\server_config\apache-tomcat-8.5.23-windows-x64\apache-tomcat-8.5.23\webapps\ROOT]
31-Oct-2017 12:04:30.787 INFORMAZIONI [localhost-startStop-1] org.apache.jasper.servlet.TldScanner.scanJars At least one JAR was scanned for TLDs yet contained no TLDs. Enable debug logging for this logger for a complete list of JARs that were scanned but no TLDs were found in them. Skipping unneeded JARs during scanning can improve startup time and JSP compilation time.
31-Oct-2017 12:04:30.787 INFORMAZIONI [localhost-startStop-1] org.apache.catalina.startup.HostConfig.deployDirectory Deployment of web application directory [C:\server_config\apache-tomcat-8.5.23-windows-x64\apache-tomcat-8.5.23\webapps\ROOT] has finished in [2,875] ms
31-Oct-2017 12:04:30.818 INFORMAZIONI [main] org.apache.coyote.AbstractProtocol.start Starting ProtocolHandler ["http-nio-8080"]
31-Oct-2017 12:04:30.896 INFORMAZIONI [main] org.apache.coyote.AbstractProtocol.start Starting ProtocolHandler ["ajp-nio-8009"]
31-Oct-2017 12:04:30.912 INFORMAZIONI [main] org.apache.catalina.startup.Catalina.start Server startup in 33262 ms
31-Oct-2017 12:12:51.544 INFORMAZIONI [localhost-startStop-2] org.apache.catalina.startup.HostConfig.deployWAR Deploying web application archive [C:\server_config\apache-tomcat-8.5.23-windows-x64\apache-tomcat-8.5.23\webapps\addnumbersagain.war]
31-Oct-2017 12:12:59.042 INFORMAZIONI [localhost-startStop-2] org.apache.jasper.servlet.TldScanner.scanJars At least one JAR was scanned for TLDs yet contained no TLDs. Enable debug logging for this logger for a complete list of JARs that were scanned but no TLDs were found in them. Skipping unneeded JARs during scanning can improve startup time and JSP compilation time.
31-Oct-2017 12:12:59.125 INFORMAZIONI [localhost-startStop-2] com.sun.xml.ws.server.MonitorBase.createRoot Metro monitoring rootname successfully set to: com.sun.metro:pp=/,type=WSEndpoint,name=/addnumbersagain-AddNumbersImplService-AddNumbersImplPort
31-Oct-2017 12:12:59.188 INFORMAZIONI [localhost-startStop-2] com.sun.xml.ws.transport.http.servlet.WSServletDelegate.<init> WSSERVLET14: inizializzazione del servlet JAX-WS
31-Oct-2017 12:12:59.190 INFORMAZIONI [localhost-startStop-2] com.sun.xml.ws.transport.http.servlet.WSServletContextListener.contextInitialized WSSERVLET12: inizializzazione del listener del contesto JAX-WS
31-Oct-2017 12:12:59.190 INFORMAZIONI [localhost-startStop-2] com.sun.xml.ws.transport.http.servlet.WSServletContextListener.contextInitialized WSSERVLET12: inizializzazione del listener del contesto JAX-WS
31-Oct-2017 12:12:59.200 INFORMAZIONI [localhost-startStop-2] org.apache.catalina.startup.HostConfig.deployWAR Deployment of web application archive [C:\server_config\apache-tomcat-8.5.23-windows-x64\apache-tomcat-8.5.23\webapps\addnumbersagain.war] has finished in [7,655] ms
31-Oct-2017 12:56:52.989 INFORMAZIONI [Thread-5] org.apache.coyote.AbstractProtocol.pause Pausing ProtocolHandler ["http-nio-8080"]
31-Oct-2017 12:56:53.704 INFORMAZIONI [Thread-5] org.apache.coyote.AbstractProtocol.pause Pausing ProtocolHandler ["ajp-nio-8009"]
31-Oct-2017 12:56:53.844 INFORMAZIONI [Thread-5] org.apache.catalina.core.StandardService.stopInternal Stopping service [Catalina]
31-Oct-2017 12:56:54.266 INFORMAZIONI [localhost-startStop-3] com.sun.xml.ws.transport.http.servlet.WSServletDelegate.destroy WSSERVLET15: servlet JAX-WS eliminato
31-Oct-2017 12:56:54.369 INFORMAZIONI [localhost-startStop-3] com.sun.xml.ws.server.WSEndpointImpl.closeManagedObjectManager Closing Metro monitoring root: com.sun.metro:pp=/,type=WSEndpoint,name=/wsit-jaxws-fromjava-AddNumbersImplService-AddNumbersImplPort
31-Oct-2017 12:56:54.423 INFORMAZIONI [localhost-startStop-3] com.sun.xml.ws.transport.http.servlet.WSServletContextListener.contextDestroyed WSSERVLET13: listener del contesto JAX-WS eliminato
31-Oct-2017 12:56:54.424 INFORMAZIONI [localhost-startStop-3] com.sun.xml.ws.transport.http.servlet.WSServletContextListener.contextDestroyed WSSERVLET13: listener del contesto JAX-WS eliminato
31-Oct-2017 12:56:54.638 INFORMAZIONI [Thread-5] org.apache.coyote.AbstractProtocol.stop Stopping ProtocolHandler ["http-nio-8080"]
31-Oct-2017 12:56:54.739 INFORMAZIONI [Thread-5] org.apache.coyote.AbstractProtocol.stop Stopping ProtocolHandler ["ajp-nio-8009"]
31-Oct-2017 12:56:54.824 INFORMAZIONI [Thread-5] org.apache.coyote.AbstractProtocol.destroy Destroying ProtocolHandler ["http-nio-8080"]
31-Oct-2017 12:56:54.841 INFORMAZIONI [Thread-5] org.apache.coyote.AbstractProtocol.destroy Destroying ProtocolHandler ["ajp-nio-8009"]
31-Oct-2017 12:57:25.755 GRAVE [main] org.apache.catalina.startup.Catalina.stopServer Could not contact [localhost:[8005]]. Tomcat may not be running.
