18-Oct-2017 17:53:38.161 INFORMAZIONI [main] org.apache.catalina.startup.VersionLoggerListener.log Server version:        Apache Tomcat/8.5.23
18-Oct-2017 17:53:38.208 INFORMAZIONI [main] org.apache.catalina.startup.VersionLoggerListener.log Server built:          Sep 28 2017 10:30:11 UTC
18-Oct-2017 17:53:38.208 INFORMAZIONI [main] org.apache.catalina.startup.VersionLoggerListener.log Server number:         8.5.23.0
18-Oct-2017 17:53:38.208 INFORMAZIONI [main] org.apache.catalina.startup.VersionLoggerListener.log OS Name:               Windows 10
18-Oct-2017 17:53:38.208 INFORMAZIONI [main] org.apache.catalina.startup.VersionLoggerListener.log OS Version:            10.0
18-Oct-2017 17:53:38.208 INFORMAZIONI [main] org.apache.catalina.startup.VersionLoggerListener.log Architecture:          amd64
18-Oct-2017 17:53:38.208 INFORMAZIONI [main] org.apache.catalina.startup.VersionLoggerListener.log Java Home:             C:\Program Files\Java\jdk1.8.0_144\jre
18-Oct-2017 17:53:38.208 INFORMAZIONI [main] org.apache.catalina.startup.VersionLoggerListener.log JVM Version:           1.8.0_144-b01
18-Oct-2017 17:53:38.208 INFORMAZIONI [main] org.apache.catalina.startup.VersionLoggerListener.log JVM Vendor:            Oracle Corporation
18-Oct-2017 17:53:38.208 INFORMAZIONI [main] org.apache.catalina.startup.VersionLoggerListener.log CATALINA_BASE:         C:\server_config\apache-tomcat-8.5.23-windows-x64\apache-tomcat-8.5.23
18-Oct-2017 17:53:38.208 INFORMAZIONI [main] org.apache.catalina.startup.VersionLoggerListener.log CATALINA_HOME:         C:\server_config\apache-tomcat-8.5.23-windows-x64\apache-tomcat-8.5.23
18-Oct-2017 17:53:38.208 INFORMAZIONI [main] org.apache.catalina.startup.VersionLoggerListener.log Command line argument: -Djava.util.logging.config.file=C:\server_config\apache-tomcat-8.5.23-windows-x64\apache-tomcat-8.5.23\conf\logging.properties
18-Oct-2017 17:53:38.208 INFORMAZIONI [main] org.apache.catalina.startup.VersionLoggerListener.log Command line argument: -Djava.util.logging.manager=org.apache.juli.ClassLoaderLogManager
18-Oct-2017 17:53:38.208 INFORMAZIONI [main] org.apache.catalina.startup.VersionLoggerListener.log Command line argument: -Djdk.tls.ephemeralDHKeySize=2048
18-Oct-2017 17:53:38.208 INFORMAZIONI [main] org.apache.catalina.startup.VersionLoggerListener.log Command line argument: -Djava.protocol.handler.pkgs=org.apache.catalina.webresources
18-Oct-2017 17:53:38.223 INFORMAZIONI [main] org.apache.catalina.startup.VersionLoggerListener.log Command line argument: -Dcatalina.base=C:\server_config\apache-tomcat-8.5.23-windows-x64\apache-tomcat-8.5.23
18-Oct-2017 17:53:38.223 INFORMAZIONI [main] org.apache.catalina.startup.VersionLoggerListener.log Command line argument: -Dcatalina.home=C:\server_config\apache-tomcat-8.5.23-windows-x64\apache-tomcat-8.5.23
18-Oct-2017 17:53:38.223 INFORMAZIONI [main] org.apache.catalina.startup.VersionLoggerListener.log Command line argument: -Djava.io.tmpdir=C:\server_config\apache-tomcat-8.5.23-windows-x64\apache-tomcat-8.5.23\temp
18-Oct-2017 17:53:38.223 INFORMAZIONI [main] org.apache.catalina.core.AprLifecycleListener.lifecycleEvent Loaded APR based Apache Tomcat Native library [1.2.14] using APR version [1.6.2].
18-Oct-2017 17:53:38.223 INFORMAZIONI [main] org.apache.catalina.core.AprLifecycleListener.lifecycleEvent APR capabilities: IPv6 [true], sendfile [true], accept filters [false], random [true].
18-Oct-2017 17:53:38.223 INFORMAZIONI [main] org.apache.catalina.core.AprLifecycleListener.lifecycleEvent APR/OpenSSL configuration: useAprConnector [false], useOpenSSL [true]
18-Oct-2017 17:53:39.020 INFORMAZIONI [main] org.apache.catalina.core.AprLifecycleListener.initializeSSL OpenSSL successfully initialized [OpenSSL 1.0.2l  25 May 2017]
18-Oct-2017 17:53:40.176 INFORMAZIONI [main] org.apache.coyote.AbstractProtocol.init Initializing ProtocolHandler ["http-nio-8080"]
18-Oct-2017 17:53:41.117 INFORMAZIONI [main] org.apache.tomcat.util.net.NioSelectorPool.getSharedSelector Using a shared selector for servlet write/read
18-Oct-2017 17:53:41.163 INFORMAZIONI [main] org.apache.coyote.AbstractProtocol.init Initializing ProtocolHandler ["ajp-nio-8009"]
18-Oct-2017 17:53:41.163 INFORMAZIONI [main] org.apache.tomcat.util.net.NioSelectorPool.getSharedSelector Using a shared selector for servlet write/read
18-Oct-2017 17:53:41.163 INFORMAZIONI [main] org.apache.catalina.startup.Catalina.load Initialization processed in 5293 ms
18-Oct-2017 17:53:41.648 INFORMAZIONI [main] org.apache.catalina.core.StandardService.startInternal Starting service [Catalina]
18-Oct-2017 17:53:41.648 INFORMAZIONI [main] org.apache.catalina.core.StandardEngine.startInternal Starting Servlet Engine: Apache Tomcat/8.5.23
18-Oct-2017 17:53:41.726 INFORMAZIONI [localhost-startStop-1] org.apache.catalina.startup.HostConfig.deployWAR Deploying web application archive [C:\server_config\apache-tomcat-8.5.23-windows-x64\apache-tomcat-8.5.23\webapps\wsit-jaxws-fromjava.war]
18-Oct-2017 17:53:47.416 INFORMAZIONI [localhost-startStop-1] org.apache.jasper.servlet.TldScanner.scanJars At least one JAR was scanned for TLDs yet contained no TLDs. Enable debug logging for this logger for a complete list of JARs that were scanned but no TLDs were found in them. Skipping unneeded JARs during scanning can improve startup time and JSP compilation time.
18-Oct-2017 17:53:52.400 INFORMAZIONI [localhost-startStop-1] com.sun.xml.ws.server.MonitorBase.createRoot Metro monitoring rootname successfully set to: com.sun.metro:pp=/,type=WSEndpoint,name=/wsit-jaxws-fromjava-AddNumbersImplService-AddNumbersImplPort
18-Oct-2017 17:53:52.791 INFORMAZIONI [localhost-startStop-1] com.sun.xml.ws.transport.http.servlet.WSServletDelegate.<init> WSSERVLET14: inizializzazione del servlet JAX-WS
18-Oct-2017 17:53:52.807 INFORMAZIONI [localhost-startStop-1] com.sun.xml.ws.transport.http.servlet.WSServletContextListener.contextInitialized WSSERVLET12: inizializzazione del listener del contesto JAX-WS
18-Oct-2017 17:53:52.807 INFORMAZIONI [localhost-startStop-1] com.sun.xml.ws.transport.http.servlet.WSServletContextListener.contextInitialized WSSERVLET12: inizializzazione del listener del contesto JAX-WS
18-Oct-2017 17:53:52.885 INFORMAZIONI [localhost-startStop-1] org.apache.catalina.startup.HostConfig.deployWAR Deployment of web application archive [C:\server_config\apache-tomcat-8.5.23-windows-x64\apache-tomcat-8.5.23\webapps\wsit-jaxws-fromjava.war] has finished in [11,159] ms
18-Oct-2017 17:53:52.885 INFORMAZIONI [localhost-startStop-1] org.apache.catalina.startup.HostConfig.deployDirectory Deploying web application directory [C:\server_config\apache-tomcat-8.5.23-windows-x64\apache-tomcat-8.5.23\webapps\docs]
18-Oct-2017 17:53:56.588 INFORMAZIONI [localhost-startStop-1] org.apache.jasper.servlet.TldScanner.scanJars At least one JAR was scanned for TLDs yet contained no TLDs. Enable debug logging for this logger for a complete list of JARs that were scanned but no TLDs were found in them. Skipping unneeded JARs during scanning can improve startup time and JSP compilation time.
18-Oct-2017 17:53:56.588 INFORMAZIONI [localhost-startStop-1] org.apache.catalina.startup.HostConfig.deployDirectory Deployment of web application directory [C:\server_config\apache-tomcat-8.5.23-windows-x64\apache-tomcat-8.5.23\webapps\docs] has finished in [3,703] ms
18-Oct-2017 17:53:56.588 INFORMAZIONI [localhost-startStop-1] org.apache.catalina.startup.HostConfig.deployDirectory Deploying web application directory [C:\server_config\apache-tomcat-8.5.23-windows-x64\apache-tomcat-8.5.23\webapps\examples]
18-Oct-2017 17:54:00.838 INFORMAZIONI [localhost-startStop-1] org.apache.jasper.servlet.TldScanner.scanJars At least one JAR was scanned for TLDs yet contained no TLDs. Enable debug logging for this logger for a complete list of JARs that were scanned but no TLDs were found in them. Skipping unneeded JARs during scanning can improve startup time and JSP compilation time.
18-Oct-2017 17:54:01.010 INFORMAZIONI [localhost-startStop-1] org.apache.catalina.startup.HostConfig.deployDirectory Deployment of web application directory [C:\server_config\apache-tomcat-8.5.23-windows-x64\apache-tomcat-8.5.23\webapps\examples] has finished in [4,422] ms
18-Oct-2017 17:54:01.010 INFORMAZIONI [localhost-startStop-1] org.apache.catalina.startup.HostConfig.deployDirectory Deploying web application directory [C:\server_config\apache-tomcat-8.5.23-windows-x64\apache-tomcat-8.5.23\webapps\host-manager]
18-Oct-2017 17:54:01.104 INFORMAZIONI [localhost-startStop-1] org.apache.catalina.startup.HostConfig.deployDirectory Deployment of web application directory [C:\server_config\apache-tomcat-8.5.23-windows-x64\apache-tomcat-8.5.23\webapps\host-manager] has finished in [94] ms
18-Oct-2017 17:54:01.119 INFORMAZIONI [localhost-startStop-1] org.apache.catalina.startup.HostConfig.deployDirectory Deploying web application directory [C:\server_config\apache-tomcat-8.5.23-windows-x64\apache-tomcat-8.5.23\webapps\manager]
18-Oct-2017 17:54:01.166 INFORMAZIONI [localhost-startStop-1] org.apache.catalina.startup.HostConfig.deployDirectory Deployment of web application directory [C:\server_config\apache-tomcat-8.5.23-windows-x64\apache-tomcat-8.5.23\webapps\manager] has finished in [47] ms
18-Oct-2017 17:54:01.166 INFORMAZIONI [localhost-startStop-1] org.apache.catalina.startup.HostConfig.deployDirectory Deploying web application directory [C:\server_config\apache-tomcat-8.5.23-windows-x64\apache-tomcat-8.5.23\webapps\ROOT]
18-Oct-2017 17:54:03.541 INFORMAZIONI [localhost-startStop-1] org.apache.jasper.servlet.TldScanner.scanJars At least one JAR was scanned for TLDs yet contained no TLDs. Enable debug logging for this logger for a complete list of JARs that were scanned but no TLDs were found in them. Skipping unneeded JARs during scanning can improve startup time and JSP compilation time.
18-Oct-2017 17:54:03.541 INFORMAZIONI [localhost-startStop-1] org.apache.catalina.startup.HostConfig.deployDirectory Deployment of web application directory [C:\server_config\apache-tomcat-8.5.23-windows-x64\apache-tomcat-8.5.23\webapps\ROOT] has finished in [2,375] ms
18-Oct-2017 17:54:03.541 INFORMAZIONI [main] org.apache.coyote.AbstractProtocol.start Starting ProtocolHandler ["http-nio-8080"]
18-Oct-2017 17:54:03.557 INFORMAZIONI [main] org.apache.coyote.AbstractProtocol.start Starting ProtocolHandler ["ajp-nio-8009"]
18-Oct-2017 17:54:03.557 INFORMAZIONI [main] org.apache.catalina.startup.Catalina.start Server startup in 22391 ms
18-Oct-2017 17:58:12.481 INFORMAZIONI [main] org.apache.catalina.core.StandardServer.await A valid shutdown command was received via the shutdown port. Stopping the Server instance.
18-Oct-2017 17:58:12.481 INFORMAZIONI [main] org.apache.coyote.AbstractProtocol.pause Pausing ProtocolHandler ["http-nio-8080"]
18-Oct-2017 17:58:12.591 INFORMAZIONI [main] org.apache.coyote.AbstractProtocol.pause Pausing ProtocolHandler ["ajp-nio-8009"]
18-Oct-2017 17:58:12.716 INFORMAZIONI [main] org.apache.catalina.core.StandardService.stopInternal Stopping service [Catalina]
18-Oct-2017 17:58:12.809 INFORMAZIONI [localhost-startStop-2] com.sun.xml.ws.transport.http.servlet.WSServletDelegate.destroy WSSERVLET15: servlet JAX-WS eliminato
18-Oct-2017 17:58:12.825 INFORMAZIONI [localhost-startStop-2] com.sun.xml.ws.server.WSEndpointImpl.closeManagedObjectManager Closing Metro monitoring root: com.sun.metro:pp=/,type=WSEndpoint,name=/wsit-jaxws-fromjava-AddNumbersImplService-AddNumbersImplPort
18-Oct-2017 17:58:12.825 INFORMAZIONI [localhost-startStop-2] com.sun.xml.ws.transport.http.servlet.WSServletContextListener.contextDestroyed WSSERVLET13: listener del contesto JAX-WS eliminato
18-Oct-2017 17:58:12.825 INFORMAZIONI [localhost-startStop-2] com.sun.xml.ws.transport.http.servlet.WSServletContextListener.contextDestroyed WSSERVLET13: listener del contesto JAX-WS eliminato
18-Oct-2017 17:58:12.872 INFORMAZIONI [main] org.apache.coyote.AbstractProtocol.stop Stopping ProtocolHandler ["http-nio-8080"]
18-Oct-2017 17:58:12.888 INFORMAZIONI [main] org.apache.coyote.AbstractProtocol.stop Stopping ProtocolHandler ["ajp-nio-8009"]
18-Oct-2017 17:58:12.950 INFORMAZIONI [main] org.apache.coyote.AbstractProtocol.destroy Destroying ProtocolHandler ["http-nio-8080"]
18-Oct-2017 17:58:12.950 INFORMAZIONI [main] org.apache.coyote.AbstractProtocol.destroy Destroying ProtocolHandler ["ajp-nio-8009"]
